2019-12-09 21:02:26.785 [main] INFO  com.xmu.address.AddressApplication - Starting AddressApplication on LAPTOP-O7RFFOA8 with PID 2488 (C:\Users\97392\IdeaProjects\address\target\classes started by 97392 in C:\Users\97392\IdeaProjects\address)
2019-12-09 21:02:26.829 [main] INFO  com.xmu.address.AddressApplication - No active profile set, falling back to default profiles: default
2019-12-09 21:02:28.540 [main] INFO  o.s.b.w.e.tomcat.TomcatWebServer - Tomcat initialized with port(s): 8080 (http)
2019-12-09 21:02:28.558 [main] INFO  o.a.coyote.http11.Http11NioProtocol - Initializing ProtocolHandler ["http-nio-8080"]
2019-12-09 21:02:28.559 [main] INFO  o.a.catalina.core.StandardService - Starting service [Tomcat]
2019-12-09 21:02:28.560 [main] INFO  o.a.catalina.core.StandardEngine - Starting Servlet engine: [Apache Tomcat/9.0.29]
2019-12-09 21:02:28.563 [main] INFO  o.a.c.core.AprLifecycleListener - Loaded APR based Apache Tomcat Native library [1.2.23] using APR version [1.7.0].
2019-12-09 21:02:28.564 [main] INFO  o.a.c.core.AprLifecycleListener - APR capabilities: IPv6 [true], sendfile [true], accept filters [false], random [true].
2019-12-09 21:02:28.564 [main] INFO  o.a.c.core.AprLifecycleListener - APR/OpenSSL configuration: useAprConnector [false], useOpenSSL [true]
2019-12-09 21:02:28.572 [main] INFO  o.a.c.core.AprLifecycleListener - OpenSSL successfully initialized [OpenSSL 1.1.1c  28 May 2019]
2019-12-09 21:02:28.802 [main] INFO  o.a.c.c.C.[Tomcat].[localhost].[/] - Initializing Spring embedded WebApplicationContext
2019-12-09 21:02:28.802 [main] INFO  o.s.web.context.ContextLoader - Root WebApplicationContext: initialization completed in 1900 ms
2019-12-09 21:02:29.497 [main] INFO  o.s.s.c.ThreadPoolTaskExecutor - Initializing ExecutorService 'applicationTaskExecutor'
2019-12-09 21:02:29.815 [main] INFO  o.a.coyote.http11.Http11NioProtocol - Starting ProtocolHandler ["http-nio-8080"]
2019-12-09 21:02:29.840 [main] INFO  o.s.b.w.e.tomcat.TomcatWebServer - Tomcat started on port(s): 8080 (http) with context path ''
2019-12-09 21:02:29.844 [main] INFO  com.xmu.address.AddressApplication - Started AddressApplication in 3.885 seconds (JVM running for 5.687)
2019-12-09 21:02:45.896 [http-nio-8080-exec-2] INFO  o.a.c.c.C.[Tomcat].[localhost].[/] - Initializing Spring DispatcherServlet 'dispatcherServlet'
2019-12-09 21:02:45.896 [http-nio-8080-exec-2] INFO  o.s.web.servlet.DispatcherServlet - Initializing Servlet 'dispatcherServlet'
2019-12-09 21:02:45.908 [http-nio-8080-exec-2] INFO  o.s.web.servlet.DispatcherServlet - Completed initialization in 12 ms
2019-12-09 21:02:46.012 [http-nio-8080-exec-2] INFO  com.zaxxer.hikari.HikariDataSource - HikariPool-1 - Starting...
2019-12-09 21:02:47.498 [http-nio-8080-exec-2] INFO  com.zaxxer.hikari.HikariDataSource - HikariPool-1 - Start completed.
2019-12-09 21:52:42.373 [HikariPool-1 housekeeper] WARN  com.zaxxer.hikari.pool.HikariPool - HikariPool-1 - Thread starvation or clock leap detected (housekeeper delta=19m24s705ms826µs900ns).
